0 info it worked if it ends with ok
1 verbose cli [ 'C:\\Program Files\\nodejs\\node.exe',
1 verbose cli   'C:\\Program Files\\nodejs\\node_modules\\npm\\bin\\npm-cli.js',
1 verbose cli   'run',
1 verbose cli   'dev' ]
2 info using npm@3.10.3
3 info using node@v6.3.0
4 verbose run-script [ 'predev', 'dev', 'postdev' ]
5 info lifecycle drones@1.0.0~predev: drones@1.0.0
6 silly lifecycle drones@1.0.0~predev: no script for predev, continuing
7 info lifecycle drones@1.0.0~dev: drones@1.0.0
8 verbose lifecycle drones@1.0.0~dev: unsafe-perm in lifecycle true
9 verbose lifecycle drones@1.0.0~dev: PATH: C:\Program Files\nodejs\node_modules\npm\bin\node-gyp-bin;D:\web-design\pluralsight\js_es6\node_modules\.bin;C:\Program Files\nodejs;C:\cygwin64\usr\local\bin;C:\cygwin64\bin;C:\Program Files\Broadcom\Broadcom 802.11 Network Adapter;C:\Program Files (x86)\Intel\iCLS Client;C:\Program Files\Intel\iCLS Client;C:\Windows\system32;C:\Windows;C:\Windows\System32\Wbem;C:\Windows\System32\WindowsPowerShell\v1.0;C:\Program Files (x86)\Intel\Intel(R) Management Engine Components\DAL;C:\Program Files\Intel\Intel(R) Management Engine Components\DAL;C:\Program Files (x86)\Intel\Intel(R) Management Engine Components\IPT;C:\Program Files\Intel\Intel(R) Management Engine Components\IPT;C:\Program Files (x86)\NVIDIA Corporation\PhysX\Common;C:\Program Files (x86)\Extensis\Suitcase Fusion 4;C:\WINDOWS\system32;C:\WINDOWS;C:\WINDOWS\System32\Wbem;C:\WINDOWS\System32\WindowsPowerShell\v1.0;C:\Program Files (x86)\Skype\Phone;C:\xampp\php;C:\ProgramData\ComposerSetup\bin;C:\WINDOWS\system32\config\systemprofile\.dnx\bin;C:\Program Files\Microsoft DNX\Dnvm;C:\Program Files\Microsoft SQL Server\130\Tools\Binn;C:\HashiCorp\Vagrant\bin;C:\Program Files\nodejs;C:\RailsInstaller\Git\cmd;C:\RailsInstaller\Ruby2.0.0\bin;C:\Program Files (x86)\Google\Chrome\Application;C:\Program Files\Broadcom\Broadcom 802.11 Network Adapter;C:\Program Files (x86)\Intel\iCLS Client;C:\Program Files\Intel\iCLS Client;C:\Windows\system32;C:\Windows;C:\Windows\System32\Wbem;C:\Windows\System32\WindowsPowerShell\v1.0;C:\Program Files (x86)\Intel\Intel(R) Management Engine Components\DAL;C:\Program Files\Intel\Intel(R) Management Engine Components\DAL;C:\Program Files (x86)\Intel\Intel(R) Management Engine Components\IPT;C:\Program Files\Intel\Intel(R) Management Engine Components\IPT;C:\Program Files (x86)\NVIDIA Corporation\PhysX\Common;C:\Program Files (x86)\Extensis\Suitcase Fusion 4\, C;C:\cygwin64\Users\justi\AppData\Local\Programs\Git\bin;C:\Users\justi\AppData\Local\.meteor;C:\Users\justi\AppData\Roaming\Composer\vendor\bin;C:\Users\justi\AppData\Local\atom\bin;C:\RailsInstaller\Git\bin;C:\Users\justi\AppData\Roaming\npm;C:\Program Files\Mysql\bin;%USERPROFILE%\AppData\Local\Microsoft\WindowsApps
10 verbose lifecycle drones@1.0.0~dev: CWD: D:\web-design\pluralsight\js_es6
11 silly lifecycle drones@1.0.0~dev: Args: [ '/d /s /c', 'lite-server' ]
12 silly lifecycle drones@1.0.0~dev: Returned: code: 3  signal: null
13 info lifecycle drones@1.0.0~dev: Failed to exec dev script
14 verbose stack Error: drones@1.0.0 dev: `lite-server`
14 verbose stack Exit status 3
14 verbose stack     at EventEmitter.<anonymous> (C:\Program Files\nodejs\node_modules\npm\lib\utils\lifecycle.js:242:16)
14 verbose stack     at emitTwo (events.js:106:13)
14 verbose stack     at EventEmitter.emit (events.js:191:7)
14 verbose stack     at ChildProcess.<anonymous> (C:\Program Files\nodejs\node_modules\npm\lib\utils\spawn.js:40:14)
14 verbose stack     at emitTwo (events.js:106:13)
14 verbose stack     at ChildProcess.emit (events.js:191:7)
14 verbose stack     at maybeClose (internal/child_process.js:852:16)
14 verbose stack     at Process.ChildProcess._handle.onexit (internal/child_process.js:215:5)
15 verbose pkgid drones@1.0.0
16 verbose cwd D:\web-design\pluralsight\js_es6
17 error Windows_NT 10.0.14393
18 error argv "C:\\Program Files\\nodejs\\node.exe" "C:\\Program Files\\nodejs\\node_modules\\npm\\bin\\npm-cli.js" "run" "dev"
19 error node v6.3.0
20 error npm  v3.10.3
21 error code ELIFECYCLE
22 error drones@1.0.0 dev: `lite-server`
22 error Exit status 3
23 error Failed at the drones@1.0.0 dev script 'lite-server'.
23 error Make sure you have the latest version of node.js and npm installed.
23 error If you do, this is most likely a problem with the drones package,
23 error not with npm itself.
23 error Tell the author that this fails on your system:
23 error     lite-server
23 error You can get information on how to open an issue for this project with:
23 error     npm bugs drones
23 error Or if that isn't available, you can get their info via:
23 error     npm owner ls drones
23 error There is likely additional logging output above.
24 verbose exit [ 1, true ]
